 13:47:15.705 [main] INFO  o.i.c.e.InfinispanExtensionEmbedded - ISPN017003: Overriding default embedded configuration not found - adding default implementation
 13:47:15.741 [main] INFO  o.i.c.e.InfinispanExtensionEmbedded - ISPN017004: Overriding default embedded cache manager not found - adding default implementation
 13:47:16.372 [main] WARN  o.c.i.conf.DefaultIndyConfiguration - No nodeId found! Using 'localhost'.
 13:47:16.415 [main] INFO  o.c.indy.action.IndyLifecycleManager - 




 STARTING Indy
    Version: 1.9.6-SNAPSHOT
    Built-By: gorgigeorgievski
    Commit-ID: a497b08
    Built-On: 2019-11-01 13:45 +0100





 13:47:16.437 [main] INFO  o.c.indy.action.IndyLifecycleManager - Running bootup actions...
 13:47:16.437 [main] INFO  o.c.indy.action.IndyLifecycleManager - Running bootup action: 'JNDI Connection Pools'
 13:47:16.450 [main] INFO  o.c.indy.action.IndyLifecycleManager - Running bootup action: 'parallel streams common pool'
 13:47:16.450 [main] INFO  o.c.indy.action.IndyLifecycleManager - Running bootup action: 'Schedule Manager'
 13:47:16.622 [main] INFO  o.c.i.s.infinispan.CacheProducer - Infinispan remote configuration not enabled. Skip.
 13:47:16.663 [main] INFO  o.c.i.s.infinispan.CacheProducer - Using CLASSPATH resource Infinispan configuration:

<?xml version="1.0" encoding="UTF-8"?>
<infinispan xmlns:xsi="http://www.w3.org/2001/XMLSchema-instance"
            xsi:schemaLocation="urn:infinispan:config:9.4 http://www.infinispan.org/schemas/infinispan-config-9.4.xsd
                                urn:infinispan:config:store:jdbc:9.4 http://www.infinispan.org/schemas/infinispan-cachestore-jdbc-config-9.4.xsd"
            xmlns="urn:infinispan:config:9.4"
            xmlns:jdbc="urn:infinispan:config:store:jdbc:9.4">

  <cache-container default-cache="local" name="IndyCacheManager" shutdown-hook="DEFAULT" statistics="true">
    <local-cache-configuration name="local-template" statistics="true">
      <memory>
        <!--
          Limits the cache to this by the amount of entries in the cache.
          If choose memory or off-heap, make sure the key/value objects implements Serializable
        -->
        <object size="200000"/>
      </memory>
    </local-cache-configuration>

    <local-cache name="local" configuration="local-template"/>

    <local-cache name="koji-maven-version-metadata" configuration="local-template" />

    <local-cache name="folo-in-progress" configuration="local-template">
      <indexing index="LOCAL">
        <property name="hibernate.search.model_mapping">org.commonjava.indy.folo.data.FoloCacheProducer</property>
        <property name="default.directory_provider">ram</property>
        <!-- <property name="hibernate.search.default.indexBase">/Users/gorgigeorgievski/_Work/_2019/11_Novembar/01.11.2019/indy/indy/data/folo/search</property> -->
      </indexing>
    </local-cache>

    <local-cache name="folo-sealed" configuration="local-template">
      <persistence passivation="true">
        <file-store shared="false" preload="false" fetch-state="false" path="/Users/gorgigeorgievski/_Work/_2019/11_Novembar/01.11.2019/indy/indy/data/folo"/>
      </persistence>
      <memory>
        <object size="1000" strategy="REMOVE" />
      </memory>
    </local-cache>

    <local-cache name="content-index" configuration="local-template" />

    <local-cache name="content-metadata" configuration="local-template"/>

    <local-cache name="maven-metadata-cache" configuration="local-template"/>

    <local-cache name="maven-metadata-key-cache" configuration="local-template">
      <indexing index="LOCAL">
        <property name="default.directory_provider">ram</property>
      </indexing>
    </local-cache>

    <local-cache name="indy-nfs-owner-cache" deadlock-detection-spin="10000" configuration="local-template">
      <transaction transaction-manager-lookup="org.infinispan.transaction.lookup.DummyTransactionManagerLookup"
                   locking="PESSIMISTIC"/>
    </local-cache>

    <!--
        This cache works for delete the fast local cache of the NFS supported repo cache on local. With the expiration,
        it will make all cache entries expired after 1 day, and trigger the purge of the expired cache every 30 mins
    -->
    <local-cache name="indy-fastlocal-file-delete-cache" configuration="local-template">
      <expiration lifespan="86400000" max-idle="86400000" interval="1800000"/>
    </local-cache>

    <local-cache name="schedule-expire-cache" configuration="local-template">
      <expiration interval="300" />
      <persistence passivation="true">
        <file-store shared="false" preload="false" fetch-state="false" path="/Users/gorgigeorgievski/_Work/_2019/11_Novembar/01.11.2019/indy/indy/data/scheduler"/>
      </persistence>
    </local-cache>

    <local-cache name="nfc" configuration="local-template">
      <!--
        Expires in 72 hours and run expiration every 15 minutes.
      -->
      <expiration lifespan="259200000" max-idle="259200000" interval="900000" />
      <memory>
        <object size="10000000" strategy="REMOVE" />
      </memory>
      <indexing index="LOCAL">
        <property name="default.directory_provider">ram</property>
      </indexing>
    </local-cache>

    <local-cache name="prefetch-cache">
      <persistence passivation="true">
        <file-store shared="false" preload="true" fetch-state="false" path="/Users/gorgigeorgievski/_Work/_2019/11_Novembar/01.11.2019/indy/indy/data/prefetch"/>
      </persistence>
      <memory>
        <object size="20000" strategy="REMOVE" />
      </memory>
    </local-cache>

    <!-- TODO: this should be a distributed cache when enable cluster -->
    <local-cache name="partyline-cluster-locks">
      <locking
              isolation="READ_COMMITTED"
              write-skew="true"/>
      <transaction
              locking="OPTIMISTIC"
              auto-commit="true"
              complete-timeout="60000"
              mode="FULL_XA"
              notifications="true"
              protocol="DEFAULT"
              reaper-interval="30000"
              recovery-cache="__recoveryInfoCacheName__"
              stop-timeout="30000"
              transaction-manager-lookup="org.infinispan.transaction.lookup.GenericTransactionManagerLookup"/>
      <versioning
              scheme="SIMPLE"/>
    </local-cache>

    <!-- TODO: these should be a distributed persist cache when enable cluster -->
    <local-cache name="store-data" configuration="local-template">
      <persistence passivation="true">
        <file-store shared="false" preload="true" fetch-state="false" path="/Users/gorgigeorgievski/_Work/_2019/11_Novembar/01.11.2019/indy/indy/data/store"/>
      </persistence>
    </local-cache>

    <!--
    A clustered lock is a lock which is distributed and shared among all nodes in the Infinispan cluster and
    provides a way to execute code that will be synchronized between the nodes. Since 9.x.
    -->
<!--
    <clustered-locks:clustered-locks>
      <clustered-locks:clustered-lock name="store-data-manager" />
    </clustered-locks:clustered-locks>
-->

  </cache-container>
</infinispan>



 13:47:16.751 [main] INFO  o.i.configuration.parsing.Parser - ISPN000293: Ignoring XML attribute deadlock-detection-spin, please remove from configuration file
 13:47:16.759 [main] WARN  o.i.configuration.parsing.Parser - ISPN000415: The write skew attribute is no longer supported since version 9.0. Attribute write-skew on line 98 will be ignored.
 13:47:16.760 [main] WARN  o.i.configuration.parsing.Parser - ISPN000415: The versioning is no longer supported since version 9.0. Attribute scheme on line 111 will be ignored.
 13:47:16.787 [main] WARN  o.i.c.c.IndexingConfigurationBuilder - ISPN000403: No indexable classes were defined for this indexed cache; switching to autodetection (support for autodetection will be removed in Infinispan 10.0).
 13:47:16.791 [main] WARN  o.i.c.c.IndexingConfigurationBuilder - ISPN000403: No indexable classes were defined for this indexed cache; switching to autodetection (support for autodetection will be removed in Infinispan 10.0).
 13:47:16.792 [main] WARN  o.i.c.c.IndexingConfigurationBuilder - ISPN000403: No indexable classes were defined for this indexed cache; switching to autodetection (support for autodetection will be removed in Infinispan 10.0).
 13:47:17.163 [main] INFO  o.i.f.GlobalComponentRegistry - ISPN000128: Infinispan version: Infinispan 'Infinity Minus ONE +2' 9.4.15.Final
 13:47:17.576 [main] INFO  o.c.i.s.infinispan.CacheProducer - Infinispan cluster configuration not enabled. Skip.
 13:47:17.665 [main] INFO  o.c.indy.action.IndyLifecycleManager - Running migration actions...
 13:47:17.666 [main] INFO  o.c.indy.action.IndyLifecycleManager - Running migration action: 'Legacy store-definition data migrator'
 13:47:17.666 [main] INFO  o.c.indy.action.IndyLifecycleManager - Running migration action: 'Flat db to ISPN store-definition data migrator'
 13:47:17.803 [main] INFO  o.c.indy.action.IndyLifecycleManager - Running migration action: 'package-typed-storage'
 13:47:17.804 [main] INFO  o.c.indy.action.IndyLifecycleManager - Running migration action: 'aprox-promotion-rules'
 13:47:17.804 [main] INFO  o.c.indy.action.IndyLifecycleManager - Running migration action: 'folo-sealed-records'
 13:47:17.804 [main] INFO  o.c.indy.action.IndyLifecycleManager - Running migration action: 'Legacy quartz db data remove'
 13:47:17.804 [main] INFO  o.c.indy.action.IndyLifecycleManager - Running migration action: 'Koji origin metadata migration'
 13:47:17.804 [main] INFO  o.c.indy.action.IndyLifecycleManager - Running migration action: 'Implied-Repositories metadata origin migration'
 13:47:17.804 [main] INFO  o.c.indy.action.IndyLifecycleManager - Running migration action: 'HttProx origin metadata migration'
 13:47:17.823 [main] WARN  o.c.m.g.io.SpecialPathManagerImpl - [Galley] The package types already contains the path set for this package type npm, will override it
 13:47:17.852 [main] INFO  o.c.indy.action.IndyLifecycleManager - Running startup actions...
 13:47:17.852 [main] INFO  o.c.indy.action.IndyLifecycleManager - Running startup action: 'koji-client'
 13:47:17.852 [main] INFO  o.c.indy.action.IndyLifecycleManager - Running startup action: 'folo-backup-sealed-records'
 13:47:17.936 [main] INFO  org.hibernate.search.engine.Version - HSEARCH000034: Hibernate Search 5.10.3.Final
 13:47:17.962 [main] INFO  o.h.a.c.r.java.JavaReflectionManager - HCANN000001: Hibernate Commons Annotations {5.0.4.Final}
 13:47:18.036 [main] WARN  o.h.s.s.s.BaseDirectoryProviderService - HSEARCH000346: The 'ram' directory provider is deprecated and will be removed in a future version. You should use 'local-heap' instead. Also, this should not be used in a production environment. Please refer to the official documentation for more information.
 13:47:18.165 [main] WARN  o.h.s.i.i.LuceneEmbeddedIndexFamilyImpl - HSEARCH000075: Configuration setting hibernate.search.lucene_version was not specified: using LUCENE_CURRENT.
 13:47:18.227 [main] WARN  o.h.s.s.s.BaseDirectoryProviderService - HSEARCH000346: The 'ram' directory provider is deprecated and will be removed in a future version. You should use 'local-heap' instead. Also, this should not be used in a production environment. Please refer to the official documentation for more information.
 13:47:18.289 [main] INFO  o.i.query.impl.LifecycleManager - ISPN014003: Registering Query interceptor for cache folo-in-progress
 13:47:18.299 [main] WARN  o.i.c.c.IndexingConfigurationBuilder - ISPN000403: No indexable classes were defined for this indexed cache; switching to autodetection (support for autodetection will be removed in Infinispan 10.0).
 13:47:18.307 [main] INFO  o.i.f.TransactionManagerFactory - ISPN000161: Using a batchMode transaction manager
 13:47:18.352 [main] INFO  o.c.indy.action.IndyLifecycleManager - Running startup action: 'folo'
 13:47:18.356 [main] INFO  o.c.indy.action.IndyLifecycleManager - Running startup action: 'zabbix'
 13:47:18.357 [main] INFO  o.c.indy.action.IndyLifecycleManager - Running startup action: 'metric'
 13:47:18.358 [main] INFO  o.c.indy.action.IndyLifecycleManager - Running startup action: 'Content index warmer'
 13:47:18.359 [main] INFO  o.c.indy.action.IndyLifecycleManager - Running startup action: 'httproxy-listener'
 13:47:18.360 [main] INFO  o.c.indy.action.IndyLifecycleManager - Running startup action: 'Default artifact store initialization'
 13:47:18.370 [main] WARN  o.c.i.d.c.AbstractStoreDataManager - Storing RemoteRepository [central, https://repo.maven.apache.org/maven2/] using operation lock: org.commonjava.cdi.util.weft.Locker@2a510e0e
 13:47:18.760 [store-validation-1] WARN  o.c.indy.data.DefaultStoreValidator - => Check HTTP HEAD Response code: 200
 13:47:18.760 [store-validation-0] WARN  o.c.indy.data.DefaultStoreValidator - => Check HTTP GET Response code: 200
 13:47:18.762 [main] WARN  o.c.indy.data.DefaultStoreValidator - => Success HTTP GET and HEAD Response from Remote Repository: https://repo.maven.apache.org/maven2/
 13:47:18.895 [main] WARN  o.c.i.d.c.AbstractStoreDataManager - Storing HostedRepository [local-deployments] using operation lock: org.commonjava.cdi.util.weft.Locker@2a510e0e
 13:47:18.901 [main] WARN  o.c.i.d.c.AbstractStoreDataManager - Storing Group[public] using operation lock: org.commonjava.cdi.util.weft.Locker@2a510e0e
 13:47:18.909 [main] INFO  o.c.indy.action.IndyLifecycleManager - ...done. Indy is ready to run.
 13:47:19.098 [main] WARN  i.u.s.h.b.PredicatedHandlersParser - UT005060: Predicate max-content-size[5120] uses old style square braces to define predicates, which will be removed in a future release. predicate[value] should be changed to predicate(value)
 13:47:19.587 [main] INFO  org.xnio.Xnio - XNIO version 3.3.8.Final
 13:47:19.601 [main] INFO  org.xnio.nio.NioXnio - XNIO NIO Implementation Version 3.3.0.Final
 13:47:43.692 [GET /admin/stores/maven/remote (1572612463691.33419645582518)] INFO  o.c.i.b.j.ResourceManagementFilter - START http://localhost:8080/api/admin/stores/maven/remote (from: 127.0.0.1)
 13:47:43.750 [GET /admin/stores/maven/remote (1572612463691.33419645582518)] INFO  o.c.i.b.j.ResourceManagementFilter - END http://localhost:8080/api/admin/stores/maven/remote (from: 127.0.0.1)
 13:47:50.830 [GET /content/maven/group/public (1572612470830.33426784552853)] INFO  o.c.i.b.j.ResourceManagementFilter - START http://localhost:8080/api/content/maven/group/public (from: 127.0.0.1)
 13:47:50.844 [GET /content/maven/group/public (1572612470830.33426784552853)] INFO  o.c.i.b.j.ResourceManagementFilter - END http://localhost:8080/api/content/maven/group/public (from: 127.0.0.1)
 13:47:50.906 [GET /browse/maven/group/public (1572612470906.33426860259583)] INFO  o.c.i.b.j.ResourceManagementFilter - START http://localhost:8080/api/browse/maven/group/public (from: 127.0.0.1)
 13:47:50.949 [GET /browse/maven/group/public (1572612470906.33426860259583)] INFO  o.c.i.b.j.ResourceManagementFilter - END http://localhost:8080/api/browse/maven/group/public (from: 127.0.0.1)
 13:48:03.748 [GET /browse/maven/group/public (1572612483748.33439702851662)] INFO  o.c.i.b.j.ResourceManagementFilter - START http://localhost:8080/api/browse/maven/group/public (from: 127.0.0.1)
 13:48:03.755 [GET /browse/maven/group/public (1572612483748.33439702851662)] INFO  o.c.i.b.j.ResourceManagementFilter - END http://localhost:8080/api/browse/maven/group/public (from: 127.0.0.1)
 13:48:14.990 [HEAD /content/maven/group/public/archetype-catalog.xml (1572612494989.33450944046095)] INFO  o.c.i.b.j.ResourceManagementFilter - START http://localhost:8080/api/content/maven/group/public/archetype-catalog.xml (from: 127.0.0.1)
 13:48:15.011 [HEAD /content/maven/group/public/archetype-catalog.xml (1572612494989.33450944046095)] WARN  o.h.s.i.i.LuceneEmbeddedIndexFamilyImpl - HSEARCH000075: Configuration setting hibernate.search.lucene_version was not specified: using LUCENE_CURRENT.
 13:48:15.013 [HEAD /content/maven/group/public/archetype-catalog.xml (1572612494989.33450944046095)] INFO  o.i.query.impl.LifecycleManager - ISPN014003: Registering Query interceptor for cache nfc
 13:48:15.015 [HEAD /content/maven/group/public/archetype-catalog.xml (1572612494989.33450944046095)] WARN  o.i.c.c.IndexingConfigurationBuilder - ISPN000403: No indexable classes were defined for this indexed cache; switching to autodetection (support for autodetection will be removed in Infinispan 10.0).
 13:48:17.010 [HEAD /content/maven/group/public/archetype-catalog.xml (1572612494989.33450944046095)] INFO  o.c.i.b.j.ResourceManagementFilter - END http://localhost:8080/api/content/maven/group/public/archetype-catalog.xml (from: 127.0.0.1)
